# Iterations: === After iteration 1 ===
##........##...
##.......##....
.###.....##.#..
....#....##..#.
....#....###.##
...##.#..##..#.
...##.##.##.#..
..##.###.##.#..
.###.###.##.#..
.###.....##..#.
.###.....###.##
.###.....##..#.
.###.....##.#..
.###.....##....
..........##...
=== After iteration 2 ===
##.......###...
...............
####....#......
..#.#...#....##
....#...#..#.##
......##.....##
............##.
.#..........##.
.....#.#....##.
#.....#......##
#...#...#..#.##
#...#...#....##
#...#...#......
.#.#...........
..#......###...
=== After iteration 3 ===
..........#....
.........##....
.###...........
..#.#..###..###
...#.#..#......
.......#.......
...............
...........#..#
......#........
.....###.......
##...#.#.......
##.###.###..###
##.##..........
.###.....##....
..#.......#....
